2024-09-12T15:02:04.516 [File Watcher] INFO o.s.b.d.a.LocalDevToolsAutoConfiguration$RestartingClassPathChangeChangedEventListener - Restarting due to 1 class path change (0 additions, 0 deletions, 1 modification) 
2024-09-12T15:02:04.518 [Thread-63] INFO o.a.c.h.Http11NioProtocol - Stopping ProtocolHandler ["http-nio-8080"] 
2024-09-12T15:02:04.603 [Thread-63] INFO c.z.h.HikariDataSource - HikariPool-10 - Shutdown initiated... 
2024-09-12T15:02:04.605 [Thread-63] INFO c.z.h.HikariDataSource - HikariPool-10 - Shutdown completed. 
2024-09-12T15:02:04.652 [restartedMain] INFO c.l.CyphersApplication - Starting CyphersApplication using Java 17.0.11 with PID 6472 (C:\factory\ws_sts4_4240\repo_cyphers\cyphers\bin\main started by Lenovo in C:\factory\ws_sts4_4240\repo_cyphers\cyphers) 
2024-09-12T15:02:04.656 [restartedMain] INFO c.l.CyphersApplication - No active profile set, falling back to 1 default profile: "default" 
2024-09-12T15:02:04.779 [restartedMain] INFO o.s.b.w.e.t.TomcatWebServer - Tomcat initialized with port 8080 (http) 
2024-09-12T15:02:04.779 [restartedMain] INFO o.a.c.h.Http11NioProtocol - Initializing ProtocolHandler ["http-nio-8080"] 
2024-09-12T15:02:04.779 [restartedMain] INFO o.a.c.c.StandardService - Starting service [Tomcat] 
2024-09-12T15:02:04.779 [restartedMain] INFO o.a.c.c.StandardEngine - Starting Servlet engine: [Apache Tomcat/10.1.28] 
2024-09-12T15:02:04.786 [restartedMain] INFO o.a.c.c.C.[.[.[/] - Initializing Spring embedded WebApplicationContext 
2024-09-12T15:02:04.786 [restartedMain] INFO o.s.b.w.s.c.ServletWebServerApplicationContext - Root WebApplicationContext: initialization completed in 129 ms 
2024-09-12T15:02:04.889 [restartedMain] INFO o.s.b.d.a.OptionalLiveReloadServer - LiveReload server is running on port 35729 
2024-09-12T15:02:04.896 [restartedMain] INFO o.a.c.h.Http11NioProtocol - Starting ProtocolHandler ["http-nio-8080"] 
2024-09-12T15:02:04.901 [restartedMain] INFO o.s.b.w.e.t.TomcatWebServer - Tomcat started on port 8080 (http) with context path '/' 
2024-09-12T15:02:04.906 [restartedMain] INFO c.l.CyphersApplication - Started CyphersApplication in 0.268 seconds (process running for 1446.183) 
2024-09-12T15:02:04.908 [restartedMain] INFO o.s.b.d.a.ConditionEvaluationDeltaLoggingListener - Condition evaluation unchanged 
2024-09-12T15:02:05.157 [http-nio-8080-exec-1] INFO o.a.c.c.C.[.[.[/] - Initializing Spring DispatcherServlet 'dispatcherServlet' 
2024-09-12T15:02:05.157 [http-nio-8080-exec-1] INFO o.s.w.s.DispatcherServlet - Initializing Servlet 'dispatcherServlet' 
2024-09-12T15:02:05.157 [http-nio-8080-exec-1] INFO o.s.w.s.DispatcherServlet - Completed initialization in 0 ms 
2024-09-12T15:02:05.160 [http-nio-8080-exec-1] INFO c.z.h.HikariDataSource - HikariPool-11 - Starting... 
2024-09-12T15:02:05.169 [http-nio-8080-exec-1] INFO c.z.h.p.HikariPool - HikariPool-11 - Added connection net.sf.log4jdbc.sql.jdbcapi.ConnectionSpy@7de8bb2b 
2024-09-12T15:02:05.169 [http-nio-8080-exec-1] INFO c.z.h.HikariDataSource - HikariPool-11 - Start completed. 
2024-09-12T15:02:05.171 [http-nio-8080-exec-1] DEBUG j.sqltiming -  com.zaxxer.hikari.pool.ProxyPreparedStatement.execute(ProxyPreparedStatement.java:44)
101. select
			a.cgSeq 
		    ,a.cgName
		    ,a.cgUseNy
		    ,a.cgTurn
		    ,a.cgDesc
		    ,a.cgDelNy
		    ,a.cgDateTime
		    ,a.cgFixDate
		    ,(select
            count(b.cdSeq)
            from code b
            where 1=1
            and a.cgSeq = b.codegroup_seq
            )
            as count
		from
			codegroup a
		where 1=1

			 AND a.cgDateTime BETWEEN '2024-09-01 00:00:00' AND '2024-09-1223:59:59' 	
		order by
			a.cgSeq desc
 {executed in 1 msec} 
2024-09-12T15:02:11.693 [http-nio-8080-exec-4] DEBUG j.sqltiming -  com.zaxxer.hikari.pool.ProxyPreparedStatement.execute(ProxyPreparedStatement.java:44)
101. select
			a.cgSeq 
		    ,a.cgName
		    ,a.cgUseNy
		    ,a.cgTurn
		    ,a.cgDesc
		    ,a.cgDelNy
		    ,a.cgDateTime
		    ,a.cgFixDate
		    ,(select
            count(b.cdSeq)
            from code b
            where 1=1
            and a.cgSeq = b.codegroup_seq
            )
            as count
		from
			codegroup a
		where 1=1

			 AND a.cgDateTime BETWEEN '2024-09-01 00:00:00' AND '2024-09-1223:59:59' 	
		order by
			a.cgSeq desc
 {executed in 0 msec} 
2024-09-12T15:02:22.749 [File Watcher] INFO o.s.b.d.a.LocalDevToolsAutoConfiguration$RestartingClassPathChangeChangedEventListener - Restarting due to 1 class path change (0 additions, 0 deletions, 1 modification) 
2024-09-12T15:02:22.750 [Thread-67] INFO o.a.c.h.Http11NioProtocol - Stopping ProtocolHandler ["http-nio-8080"] 
2024-09-12T15:02:22.836 [Thread-67] INFO c.z.h.HikariDataSource - HikariPool-11 - Shutdown initiated... 
2024-09-12T15:02:22.839 [Thread-67] INFO c.z.h.HikariDataSource - HikariPool-11 - Shutdown completed. 
2024-09-12T15:02:22.901 [restartedMain] INFO c.l.CyphersApplication - Starting CyphersApplication using Java 17.0.11 with PID 6472 (C:\factory\ws_sts4_4240\repo_cyphers\cyphers\bin\main started by Lenovo in C:\factory\ws_sts4_4240\repo_cyphers\cyphers) 
2024-09-12T15:02:22.901 [restartedMain] INFO c.l.CyphersApplication - No active profile set, falling back to 1 default profile: "default" 
2024-09-12T15:02:23.025 [restartedMain] INFO o.s.b.w.e.t.TomcatWebServer - Tomcat initialized with port 8080 (http) 
2024-09-12T15:02:23.026 [restartedMain] INFO o.a.c.h.Http11NioProtocol - Initializing ProtocolHandler ["http-nio-8080"] 
2024-09-12T15:02:23.026 [restartedMain] INFO o.a.c.c.StandardService - Starting service [Tomcat] 
2024-09-12T15:02:23.026 [restartedMain] INFO o.a.c.c.StandardEngine - Starting Servlet engine: [Apache Tomcat/10.1.28] 
2024-09-12T15:02:23.036 [restartedMain] INFO o.a.c.c.C.[.[.[/] - Initializing Spring embedded WebApplicationContext 
2024-09-12T15:02:23.036 [restartedMain] INFO o.s.b.w.s.c.ServletWebServerApplicationContext - Root WebApplicationContext: initialization completed in 134 ms 
2024-09-12T15:02:23.128 [restartedMain] INFO o.s.b.d.a.OptionalLiveReloadServer - LiveReload server is running on port 35729 
2024-09-12T15:02:23.133 [restartedMain] INFO o.a.c.h.Http11NioProtocol - Starting ProtocolHandler ["http-nio-8080"] 
2024-09-12T15:02:23.136 [restartedMain] INFO o.s.b.w.e.t.TomcatWebServer - Tomcat started on port 8080 (http) with context path '/' 
2024-09-12T15:02:23.139 [restartedMain] INFO c.l.CyphersApplication - Started CyphersApplication in 0.252 seconds (process running for 1464.415) 
2024-09-12T15:02:23.140 [restartedMain] INFO o.s.b.d.a.ConditionEvaluationDeltaLoggingListener - Condition evaluation unchanged 
2024-09-12T15:02:23.562 [http-nio-8080-exec-1] INFO o.a.c.c.C.[.[.[/] - Initializing Spring DispatcherServlet 'dispatcherServlet' 
2024-09-12T15:02:23.563 [http-nio-8080-exec-1] INFO o.s.w.s.DispatcherServlet - Initializing Servlet 'dispatcherServlet' 
2024-09-12T15:02:23.563 [http-nio-8080-exec-1] INFO o.s.w.s.DispatcherServlet - Completed initialization in 0 ms 
2024-09-12T15:02:23.565 [http-nio-8080-exec-1] INFO c.z.h.HikariDataSource - HikariPool-12 - Starting... 
2024-09-12T15:02:23.574 [http-nio-8080-exec-1] INFO c.z.h.p.HikariPool - HikariPool-12 - Added connection net.sf.log4jdbc.sql.jdbcapi.ConnectionSpy@32eb1e72 
2024-09-12T15:02:23.574 [http-nio-8080-exec-1] INFO c.z.h.HikariDataSource - HikariPool-12 - Start completed. 
2024-09-12T15:02:23.576 [http-nio-8080-exec-1] DEBUG j.sqltiming -  com.zaxxer.hikari.pool.ProxyPreparedStatement.execute(ProxyPreparedStatement.java:44)
111. select
			a.cgSeq 
		    ,a.cgName
		    ,a.cgUseNy
		    ,a.cgTurn
		    ,a.cgDesc
		    ,a.cgDelNy
		    ,a.cgDateTime
		    ,a.cgFixDate
		    ,(select
            count(b.cdSeq)
            from code b
            where 1=1
            and a.cgSeq = b.codegroup_seq
            )
            as count
		from
			codegroup a
		where 1=1

			 AND a.cgDateTime BETWEEN '2024-09-01 00:00:00' AND '2024-09-12' 	
		order by
			a.cgSeq desc
 {executed in 2 msec} 
2024-09-12T15:04:19.676 [File Watcher] INFO o.s.b.d.a.LocalDevToolsAutoConfiguration$RestartingClassPathChangeChangedEventListener - Restarting due to 1 class path change (0 additions, 0 deletions, 1 modification) 
2024-09-12T15:04:19.677 [Thread-71] INFO o.a.c.h.Http11NioProtocol - Stopping ProtocolHandler ["http-nio-8080"] 
2024-09-12T15:04:19.759 [Thread-71] INFO c.z.h.HikariDataSource - HikariPool-12 - Shutdown initiated... 
2024-09-12T15:04:19.762 [Thread-71] INFO c.z.h.HikariDataSource - HikariPool-12 - Shutdown completed. 
2024-09-12T15:04:19.813 [restartedMain] INFO c.l.CyphersApplication - Starting CyphersApplication using Java 17.0.11 with PID 6472 (C:\factory\ws_sts4_4240\repo_cyphers\cyphers\bin\main started by Lenovo in C:\factory\ws_sts4_4240\repo_cyphers\cyphers) 
2024-09-12T15:04:19.813 [restartedMain] INFO c.l.CyphersApplication - No active profile set, falling back to 1 default profile: "default" 
2024-09-12T15:04:19.928 [restartedMain] INFO o.s.b.w.e.t.TomcatWebServer - Tomcat initialized with port 8080 (http) 
2024-09-12T15:04:19.928 [restartedMain] INFO o.a.c.h.Http11NioProtocol - Initializing ProtocolHandler ["http-nio-8080"] 
2024-09-12T15:04:19.929 [restartedMain] INFO o.a.c.c.StandardService - Starting service [Tomcat] 
2024-09-12T15:04:19.929 [restartedMain] INFO o.a.c.c.StandardEngine - Starting Servlet engine: [Apache Tomcat/10.1.28] 
2024-09-12T15:04:19.935 [restartedMain] INFO o.a.c.c.C.[.[.[/] - Initializing Spring embedded WebApplicationContext 
2024-09-12T15:04:19.935 [restartedMain] INFO o.s.b.w.s.c.ServletWebServerApplicationContext - Root WebApplicationContext: initialization completed in 120 ms 
2024-09-12T15:04:20.035 [restartedMain] INFO o.s.b.d.a.OptionalLiveReloadServer - LiveReload server is running on port 35729 
2024-09-12T15:04:20.040 [restartedMain] INFO o.a.c.h.Http11NioProtocol - Starting ProtocolHandler ["http-nio-8080"] 
2024-09-12T15:04:20.046 [restartedMain] INFO o.s.b.w.e.t.TomcatWebServer - Tomcat started on port 8080 (http) with context path '/' 
2024-09-12T15:04:20.051 [restartedMain] INFO c.l.CyphersApplication - Started CyphersApplication in 0.257 seconds (process running for 1581.327) 
2024-09-12T15:04:20.052 [restartedMain] INFO o.s.b.d.a.ConditionEvaluationDeltaLoggingListener - Condition evaluation unchanged 
2024-09-12T15:05:01.919 [File Watcher] INFO o.s.b.d.a.LocalDevToolsAutoConfiguration$RestartingClassPathChangeChangedEventListener - Restarting due to 1 class path change (0 additions, 0 deletions, 1 modification) 
2024-09-12T15:05:01.921 [Thread-75] INFO o.a.c.h.Http11NioProtocol - Stopping ProtocolHandler ["http-nio-8080"] 
2024-09-12T15:05:02.050 [restartedMain] INFO c.l.CyphersApplication - Starting CyphersApplication using Java 17.0.11 with PID 6472 (C:\factory\ws_sts4_4240\repo_cyphers\cyphers\bin\main started by Lenovo in C:\factory\ws_sts4_4240\repo_cyphers\cyphers) 
2024-09-12T15:05:02.050 [restartedMain] INFO c.l.CyphersApplication - No active profile set, falling back to 1 default profile: "default" 
2024-09-12T15:05:02.160 [restartedMain] INFO o.s.b.w.e.t.TomcatWebServer - Tomcat initialized with port 8080 (http) 
2024-09-12T15:05:02.161 [restartedMain] INFO o.a.c.h.Http11NioProtocol - Initializing ProtocolHandler ["http-nio-8080"] 
2024-09-12T15:05:02.161 [restartedMain] INFO o.a.c.c.StandardService - Starting service [Tomcat] 
2024-09-12T15:05:02.161 [restartedMain] INFO o.a.c.c.StandardEngine - Starting Servlet engine: [Apache Tomcat/10.1.28] 
2024-09-12T15:05:02.167 [restartedMain] INFO o.a.c.c.C.[.[.[/] - Initializing Spring embedded WebApplicationContext 
2024-09-12T15:05:02.167 [restartedMain] INFO o.s.b.w.s.c.ServletWebServerApplicationContext - Root WebApplicationContext: initialization completed in 116 ms 
2024-09-12T15:05:02.254 [restartedMain] INFO o.s.b.d.a.OptionalLiveReloadServer - LiveReload server is running on port 35729 
2024-09-12T15:05:02.258 [restartedMain] INFO o.a.c.h.Http11NioProtocol - Starting ProtocolHandler ["http-nio-8080"] 
2024-09-12T15:05:02.261 [restartedMain] INFO o.s.b.w.e.t.TomcatWebServer - Tomcat started on port 8080 (http) with context path '/' 
2024-09-12T15:05:02.266 [restartedMain] INFO c.l.CyphersApplication - Started CyphersApplication in 0.227 seconds (process running for 1623.542) 
2024-09-12T15:05:02.267 [restartedMain] INFO o.s.b.d.a.ConditionEvaluationDeltaLoggingListener - Condition evaluation unchanged 
2024-09-12T15:11:18.249 [File Watcher] INFO o.s.b.d.a.LocalDevToolsAutoConfiguration$RestartingClassPathChangeChangedEventListener - Restarting due to 1 class path change (0 additions, 0 deletions, 1 modification) 
2024-09-12T15:11:18.251 [Thread-79] INFO o.a.c.h.Http11NioProtocol - Stopping ProtocolHandler ["http-nio-8080"] 
2024-09-12T15:11:18.386 [restartedMain] INFO c.l.CyphersApplication - Starting CyphersApplication using Java 17.0.11 with PID 6472 (C:\factory\ws_sts4_4240\repo_cyphers\cyphers\bin\main started by Lenovo in C:\factory\ws_sts4_4240\repo_cyphers\cyphers) 
2024-09-12T15:11:18.386 [restartedMain] INFO c.l.CyphersApplication - No active profile set, falling back to 1 default profile: "default" 
2024-09-12T15:11:18.504 [restartedMain] INFO o.s.b.w.e.t.TomcatWebServer - Tomcat initialized with port 8080 (http) 
2024-09-12T15:11:18.505 [restartedMain] INFO o.a.c.h.Http11NioProtocol - Initializing ProtocolHandler ["http-nio-8080"] 
2024-09-12T15:11:18.505 [restartedMain] INFO o.a.c.c.StandardService - Starting service [Tomcat] 
2024-09-12T15:11:18.505 [restartedMain] INFO o.a.c.c.StandardEngine - Starting Servlet engine: [Apache Tomcat/10.1.28] 
2024-09-12T15:11:18.512 [restartedMain] INFO o.a.c.c.C.[.[.[/] - Initializing Spring embedded WebApplicationContext 
2024-09-12T15:11:18.513 [restartedMain] INFO o.s.b.w.s.c.ServletWebServerApplicationContext - Root WebApplicationContext: initialization completed in 126 ms 
2024-09-12T15:11:18.611 [restartedMain] INFO o.s.b.d.a.OptionalLiveReloadServer - LiveReload server is running on port 35729 
2024-09-12T15:11:18.616 [restartedMain] INFO o.a.c.h.Http11NioProtocol - Starting ProtocolHandler ["http-nio-8080"] 
2024-09-12T15:11:18.618 [restartedMain] INFO o.s.b.w.e.t.TomcatWebServer - Tomcat started on port 8080 (http) with context path '/' 
2024-09-12T15:11:18.623 [restartedMain] INFO c.l.CyphersApplication - Started CyphersApplication in 0.248 seconds (process running for 1999.899) 
2024-09-12T15:11:18.624 [restartedMain] INFO o.s.b.d.a.ConditionEvaluationDeltaLoggingListener - Condition evaluation unchanged 
2024-09-12T15:11:21.244 [http-nio-8080-exec-1] INFO o.a.c.c.C.[.[.[/] - Initializing Spring DispatcherServlet 'dispatcherServlet' 
2024-09-12T15:11:21.244 [http-nio-8080-exec-1] INFO o.s.w.s.DispatcherServlet - Initializing Servlet 'dispatcherServlet' 
2024-09-12T15:11:21.244 [http-nio-8080-exec-1] INFO o.s.w.s.DispatcherServlet - Completed initialization in 0 ms 
2024-09-12T15:11:21.247 [http-nio-8080-exec-1] INFO c.z.h.HikariDataSource - HikariPool-13 - Starting... 
2024-09-12T15:11:21.257 [http-nio-8080-exec-1] INFO c.z.h.p.HikariPool - HikariPool-13 - Added connection net.sf.log4jdbc.sql.jdbcapi.ConnectionSpy@40968452 
2024-09-12T15:11:21.257 [http-nio-8080-exec-1] INFO c.z.h.HikariDataSource - HikariPool-13 - Start completed. 
2024-09-12T15:11:21.258 [http-nio-8080-exec-1] DEBUG j.sqltiming -  com.zaxxer.hikari.pool.ProxyPreparedStatement.execute(ProxyPreparedStatement.java:44)
121. select
			a.cgSeq 
		    ,a.cgName
		    ,a.cgUseNy
		    ,a.cgTurn
		    ,a.cgDesc
		    ,a.cgDelNy
		    ,a.cgDateTime
		    ,a.cgFixDate
		    ,(select
            count(b.cdSeq)
            from code b
            where 1=1
            and a.cgSeq = b.codegroup_seq
            )
            as count
		from
			codegroup a
		where 1=1

			 AND a.cgDateTime BETWEEN '2024-09-01 00:00:00' AND '2024-09-1223:59:59' 	
		order by
			a.cgSeq desc
 {executed in 1 msec} 
2024-09-12T15:11:21.441 [File Watcher] INFO o.s.b.d.a.LocalDevToolsAutoConfiguration$RestartingClassPathChangeChangedEventListener - Restarting due to 1 class path change (0 additions, 0 deletions, 1 modification) 
2024-09-12T15:11:21.442 [Thread-83] INFO o.a.c.h.Http11NioProtocol - Stopping ProtocolHandler ["http-nio-8080"] 
2024-09-12T15:11:21.528 [Thread-83] INFO c.z.h.HikariDataSource - HikariPool-13 - Shutdown initiated... 
2024-09-12T15:11:21.554 [Thread-83] INFO c.z.h.HikariDataSource - HikariPool-13 - Shutdown completed. 
2024-09-12T15:11:21.616 [restartedMain] INFO c.l.CyphersApplication - Starting CyphersApplication using Java 17.0.11 with PID 6472 (C:\factory\ws_sts4_4240\repo_cyphers\cyphers\bin\main started by Lenovo in C:\factory\ws_sts4_4240\repo_cyphers\cyphers) 
2024-09-12T15:11:21.616 [restartedMain] INFO c.l.CyphersApplication - No active profile set, falling back to 1 default profile: "default" 
2024-09-12T15:11:21.735 [restartedMain] INFO o.s.b.w.e.t.TomcatWebServer - Tomcat initialized with port 8080 (http) 
2024-09-12T15:11:21.736 [restartedMain] INFO o.a.c.h.Http11NioProtocol - Initializing ProtocolHandler ["http-nio-8080"] 
2024-09-12T15:11:21.736 [restartedMain] INFO o.a.c.c.StandardService - Starting service [Tomcat] 
2024-09-12T15:11:21.736 [restartedMain] INFO o.a.c.c.StandardEngine - Starting Servlet engine: [Apache Tomcat/10.1.28] 
2024-09-12T15:11:21.744 [restartedMain] INFO o.a.c.c.C.[.[.[/] - Initializing Spring embedded WebApplicationContext 
2024-09-12T15:11:21.744 [restartedMain] INFO o.s.b.w.s.c.ServletWebServerApplicationContext - Root WebApplicationContext: initialization completed in 127 ms 
2024-09-12T15:11:21.837 [restartedMain] INFO o.s.b.d.a.OptionalLiveReloadServer - LiveReload server is running on port 35729 
2024-09-12T15:11:21.845 [restartedMain] INFO o.a.c.h.Http11NioProtocol - Starting ProtocolHandler ["http-nio-8080"] 
2024-09-12T15:11:21.848 [restartedMain] INFO o.s.b.w.e.t.TomcatWebServer - Tomcat started on port 8080 (http) with context path '/' 
2024-09-12T15:11:21.853 [restartedMain] INFO c.l.CyphersApplication - Started CyphersApplication in 0.251 seconds (process running for 2003.129) 
2024-09-12T15:11:21.854 [restartedMain] INFO o.s.b.d.a.ConditionEvaluationDeltaLoggingListener - Condition evaluation unchanged 
2024-09-12T15:11:27.017 [File Watcher] INFO o.s.b.d.a.LocalDevToolsAutoConfiguration$RestartingClassPathChangeChangedEventListener - Restarting due to 1 class path change (0 additions, 0 deletions, 1 modification) 
2024-09-12T15:11:27.018 [Thread-87] INFO o.a.c.h.Http11NioProtocol - Stopping ProtocolHandler ["http-nio-8080"] 
2024-09-12T15:11:27.140 [restartedMain] INFO c.l.CyphersApplication - Starting CyphersApplication using Java 17.0.11 with PID 6472 (C:\factory\ws_sts4_4240\repo_cyphers\cyphers\bin\main started by Lenovo in C:\factory\ws_sts4_4240\repo_cyphers\cyphers) 
2024-09-12T15:11:27.140 [restartedMain] INFO c.l.CyphersApplication - No active profile set, falling back to 1 default profile: "default" 
2024-09-12T15:11:27.251 [restartedMain] INFO o.s.b.w.e.t.TomcatWebServer - Tomcat initialized with port 8080 (http) 
2024-09-12T15:11:27.252 [restartedMain] INFO o.a.c.h.Http11NioProtocol - Initializing ProtocolHandler ["http-nio-8080"] 
2024-09-12T15:11:27.252 [restartedMain] INFO o.a.c.c.StandardService - Starting service [Tomcat] 
2024-09-12T15:11:27.252 [restartedMain] INFO o.a.c.c.StandardEngine - Starting Servlet engine: [Apache Tomcat/10.1.28] 
2024-09-12T15:11:27.259 [restartedMain] INFO o.a.c.c.C.[.[.[/] - Initializing Spring embedded WebApplicationContext 
2024-09-12T15:11:27.259 [restartedMain] INFO o.s.b.w.s.c.ServletWebServerApplicationContext - Root WebApplicationContext: initialization completed in 118 ms 
2024-09-12T15:11:27.340 [restartedMain] INFO o.s.b.d.a.OptionalLiveReloadServer - LiveReload server is running on port 35729 
2024-09-12T15:11:27.344 [restartedMain] INFO o.a.c.h.Http11NioProtocol - Starting ProtocolHandler ["http-nio-8080"] 
2024-09-12T15:11:27.347 [restartedMain] INFO o.s.b.w.e.t.TomcatWebServer - Tomcat started on port 8080 (http) with context path '/' 
2024-09-12T15:11:27.350 [restartedMain] INFO c.l.CyphersApplication - Started CyphersApplication in 0.223 seconds (process running for 2008.626) 
2024-09-12T15:11:27.351 [restartedMain] INFO o.s.b.d.a.ConditionEvaluationDeltaLoggingListener - Condition evaluation unchanged 
2024-09-12T15:30:37.759 [File Watcher] INFO o.s.b.d.a.LocalDevToolsAutoConfiguration$RestartingClassPathChangeChangedEventListener - Restarting due to 1 class path change (0 additions, 0 deletions, 1 modification) 
2024-09-12T15:30:37.761 [Thread-91] INFO o.a.c.h.Http11NioProtocol - Stopping ProtocolHandler ["http-nio-8080"] 
2024-09-12T15:30:37.888 [restartedMain] INFO c.l.CyphersApplication - Starting CyphersApplication using Java 17.0.11 with PID 6472 (C:\factory\ws_sts4_4240\repo_cyphers\cyphers\bin\main started by Lenovo in C:\factory\ws_sts4_4240\repo_cyphers\cyphers) 
2024-09-12T15:30:37.889 [restartedMain] INFO c.l.CyphersApplication - No active profile set, falling back to 1 default profile: "default" 
2024-09-12T15:30:38.006 [restartedMain] INFO o.s.b.w.e.t.TomcatWebServer - Tomcat initialized with port 8080 (http) 
2024-09-12T15:30:38.006 [restartedMain] INFO o.a.c.h.Http11NioProtocol - Initializing ProtocolHandler ["http-nio-8080"] 
2024-09-12T15:30:38.006 [restartedMain] INFO o.a.c.c.StandardService - Starting service [Tomcat] 
2024-09-12T15:30:38.006 [restartedMain] INFO o.a.c.c.StandardEngine - Starting Servlet engine: [Apache Tomcat/10.1.28] 
2024-09-12T15:30:38.012 [restartedMain] INFO o.a.c.c.C.[.[.[/] - Initializing Spring embedded WebApplicationContext 
2024-09-12T15:30:38.012 [restartedMain] INFO o.s.b.w.s.c.ServletWebServerApplicationContext - Root WebApplicationContext: initialization completed in 122 ms 
2024-09-12T15:30:38.126 [restartedMain] INFO o.s.b.d.a.OptionalLiveReloadServer - LiveReload server is running on port 35729 
2024-09-12T15:30:38.131 [restartedMain] INFO o.a.c.h.Http11NioProtocol - Starting ProtocolHandler ["http-nio-8080"] 
2024-09-12T15:30:38.134 [restartedMain] INFO o.s.b.w.e.t.TomcatWebServer - Tomcat started on port 8080 (http) with context path '/' 
2024-09-12T15:30:38.140 [restartedMain] INFO c.l.CyphersApplication - Started CyphersApplication in 0.265 seconds (process running for 3159.416) 
2024-09-12T15:30:38.142 [restartedMain] INFO o.s.b.d.a.ConditionEvaluationDeltaLoggingListener - Condition evaluation unchanged 
2024-09-12T15:30:52.641 [File Watcher] INFO o.s.b.d.a.LocalDevToolsAutoConfiguration$RestartingClassPathChangeChangedEventListener - Restarting due to 1 class path change (0 additions, 0 deletions, 1 modification) 
2024-09-12T15:30:52.642 [Thread-95] INFO o.a.c.h.Http11NioProtocol - Stopping ProtocolHandler ["http-nio-8080"] 
2024-09-12T15:30:52.779 [restartedMain] INFO c.l.CyphersApplication - Starting CyphersApplication using Java 17.0.11 with PID 6472 (C:\factory\ws_sts4_4240\repo_cyphers\cyphers\bin\main started by Lenovo in C:\factory\ws_sts4_4240\repo_cyphers\cyphers) 
2024-09-12T15:30:52.779 [restartedMain] INFO c.l.CyphersApplication - No active profile set, falling back to 1 default profile: "default" 
2024-09-12T15:30:52.890 [restartedMain] INFO o.s.b.w.e.t.TomcatWebServer - Tomcat initialized with port 8080 (http) 
2024-09-12T15:30:52.891 [restartedMain] INFO o.a.c.h.Http11NioProtocol - Initializing ProtocolHandler ["http-nio-8080"] 
2024-09-12T15:30:52.891 [restartedMain] INFO o.a.c.c.StandardService - Starting service [Tomcat] 
2024-09-12T15:30:52.891 [restartedMain] INFO o.a.c.c.StandardEngine - Starting Servlet engine: [Apache Tomcat/10.1.28] 
2024-09-12T15:30:52.897 [restartedMain] INFO o.a.c.c.C.[.[.[/] - Initializing Spring embedded WebApplicationContext 
2024-09-12T15:30:52.898 [restartedMain] INFO o.s.b.w.s.c.ServletWebServerApplicationContext - Root WebApplicationContext: initialization completed in 118 ms 
2024-09-12T15:30:52.983 [restartedMain] INFO o.s.b.d.a.OptionalLiveReloadServer - LiveReload server is running on port 35729 
2024-09-12T15:30:52.987 [restartedMain] INFO o.a.c.h.Http11NioProtocol - Starting ProtocolHandler ["http-nio-8080"] 
2024-09-12T15:30:52.989 [restartedMain] INFO o.s.b.w.e.t.TomcatWebServer - Tomcat started on port 8080 (http) with context path '/' 
2024-09-12T15:30:52.994 [restartedMain] INFO c.l.CyphersApplication - Started CyphersApplication in 0.225 seconds (process running for 3174.27) 
2024-09-12T15:30:52.995 [restartedMain] INFO o.s.b.d.a.ConditionEvaluationDeltaLoggingListener - Condition evaluation unchanged 
2024-09-12T15:34:12.566 [File Watcher] INFO o.s.b.d.a.LocalDevToolsAutoConfiguration$RestartingClassPathChangeChangedEventListener - Restarting due to 1 class path change (0 additions, 0 deletions, 1 modification) 
2024-09-12T15:34:12.567 [Thread-99] INFO o.a.c.h.Http11NioProtocol - Stopping ProtocolHandler ["http-nio-8080"] 
2024-09-12T15:34:12.690 [restartedMain] INFO c.l.CyphersApplication - Starting CyphersApplication using Java 17.0.11 with PID 6472 (C:\factory\ws_sts4_4240\repo_cyphers\cyphers\bin\main started by Lenovo in C:\factory\ws_sts4_4240\repo_cyphers\cyphers) 
2024-09-12T15:34:12.690 [restartedMain] INFO c.l.CyphersApplication - No active profile set, falling back to 1 default profile: "default" 
2024-09-12T15:34:12.815 [restartedMain] INFO o.s.b.w.e.t.TomcatWebServer - Tomcat initialized with port 8080 (http) 
2024-09-12T15:34:12.816 [restartedMain] INFO o.a.c.h.Http11NioProtocol - Initializing ProtocolHandler ["http-nio-8080"] 
2024-09-12T15:34:12.816 [restartedMain] INFO o.a.c.c.StandardService - Starting service [Tomcat] 
2024-09-12T15:34:12.816 [restartedMain] INFO o.a.c.c.StandardEngine - Starting Servlet engine: [Apache Tomcat/10.1.28] 
2024-09-12T15:34:12.822 [restartedMain] INFO o.a.c.c.C.[.[.[/] - Initializing Spring embedded WebApplicationContext 
2024-09-12T15:34:12.822 [restartedMain] INFO o.s.b.w.s.c.ServletWebServerApplicationContext - Root WebApplicationContext: initialization completed in 131 ms 
2024-09-12T15:34:12.920 [restartedMain] INFO o.s.b.d.a.OptionalLiveReloadServer - LiveReload server is running on port 35729 
2024-09-12T15:34:12.925 [restartedMain] INFO o.a.c.h.Http11NioProtocol - Starting ProtocolHandler ["http-nio-8080"] 
2024-09-12T15:34:12.927 [restartedMain] INFO o.s.b.w.e.t.TomcatWebServer - Tomcat started on port 8080 (http) with context path '/' 
2024-09-12T15:34:12.933 [restartedMain] INFO c.l.CyphersApplication - Started CyphersApplication in 0.254 seconds (process running for 3374.209) 
2024-09-12T15:34:12.933 [restartedMain] INFO o.s.b.d.a.ConditionEvaluationDeltaLoggingListener - Condition evaluation unchanged 
2024-09-12T15:40:14.740 [http-nio-8080-exec-2] INFO o.a.c.c.C.[.[.[/] - Initializing Spring DispatcherServlet 'dispatcherServlet' 
2024-09-12T15:40:14.741 [http-nio-8080-exec-2] INFO o.s.w.s.DispatcherServlet - Initializing Servlet 'dispatcherServlet' 
2024-09-12T15:40:14.742 [http-nio-8080-exec-2] INFO o.s.w.s.DispatcherServlet - Completed initialization in 1 ms 
2024-09-12T15:40:14.747 [http-nio-8080-exec-2] INFO c.z.h.HikariDataSource - HikariPool-14 - Starting... 
2024-09-12T15:40:14.759 [http-nio-8080-exec-2] INFO c.z.h.p.HikariPool - HikariPool-14 - Added connection net.sf.log4jdbc.sql.jdbcapi.ConnectionSpy@4d345965 
2024-09-12T15:40:14.759 [http-nio-8080-exec-2] INFO c.z.h.HikariDataSource - HikariPool-14 - Start completed. 
2024-09-12T15:40:14.761 [http-nio-8080-exec-2] DEBUG j.sqltiming -  com.zaxxer.hikari.pool.ProxyPreparedStatement.execute(ProxyPreparedStatement.java:44)
127. select
			b.cdSeq
		    ,b.cdName
		    ,b.cdUseNy
		    ,b.cdTurn
		    ,b.cdDesc
		    ,b.cdDelNy
		    ,b.cdDateTime
		    ,b.cdFixDate
		    ,b.codegroup_seq
		    ,a.cgSeq
		    ,a.cgName
		from
			code b
		left join codegroup a
		on a.cgSeq = b.codegroup_seq
		where 1=1

		order by
			b.cdSeq desc
 {executed in 2 msec} 
2024-09-12T15:42:08.974 [http-nio-8080-exec-2] DEBUG j.sqltiming -  com.zaxxer.hikari.pool.ProxyPreparedStatement.execute(ProxyPreparedStatement.java:44)
127. select
			b.cdSeq
		    ,b.cdName
		    ,b.cdUseNy
		    ,b.cdTurn
		    ,b.cdDesc
		    ,b.cdDelNy
		    ,b.cdDateTime
		    ,b.cdFixDate
		    ,b.codegroup_seq
		    ,a.cgSeq
		    ,a.cgName
		from
			code b
		left join codegroup a
		on a.cgSeq = b.codegroup_seq
		where 1=1

		order by
			b.cdSeq desc
 {executed in 1 msec} 
2024-09-12T15:42:54.978 [http-nio-8080-exec-4] DEBUG j.sqltiming -  com.zaxxer.hikari.pool.ProxyPreparedStatement.execute(ProxyPreparedStatement.java:44)
127. select
			b.cdSeq
		    ,b.cdName
		    ,b.cdUseNy
		    ,b.cdTurn
		    ,b.cdDesc
		    ,b.cdDelNy
		    ,b.cdDateTime
		    ,b.cdFixDate
		    ,b.codegroup_seq
		    ,a.cgSeq
		    ,a.cgName
		from
			code b
		left join codegroup a
		on a.cgSeq = b.codegroup_seq
		where 1=1

		order by
			b.cdSeq desc
 {executed in 1 msec} 
2024-09-12T15:43:34.868 [File Watcher] INFO o.s.b.d.a.LocalDevToolsAutoConfiguration$RestartingClassPathChangeChangedEventListener - Restarting due to 1 class path change (0 additions, 0 deletions, 1 modification) 
2024-09-12T15:43:34.869 [Thread-103] INFO o.a.c.h.Http11NioProtocol - Stopping ProtocolHandler ["http-nio-8080"] 
2024-09-12T15:43:34.950 [Thread-103] INFO c.z.h.HikariDataSource - HikariPool-14 - Shutdown initiated... 
2024-09-12T15:43:34.952 [Thread-103] INFO c.z.h.HikariDataSource - HikariPool-14 - Shutdown completed. 
2024-09-12T15:43:35.004 [restartedMain] INFO c.l.CyphersApplication - Starting CyphersApplication using Java 17.0.11 with PID 6472 (C:\factory\ws_sts4_4240\repo_cyphers\cyphers\bin\main started by Lenovo in C:\factory\ws_sts4_4240\repo_cyphers\cyphers) 
2024-09-12T15:43:35.005 [restartedMain] INFO c.l.CyphersApplication - No active profile set, falling back to 1 default profile: "default" 
2024-09-12T15:43:35.121 [restartedMain] INFO o.s.b.w.e.t.TomcatWebServer - Tomcat initialized with port 8080 (http) 
2024-09-12T15:43:35.121 [restartedMain] INFO o.a.c.h.Http11NioProtocol - Initializing ProtocolHandler ["http-nio-8080"] 
2024-09-12T15:43:35.121 [restartedMain] INFO o.a.c.c.StandardService - Starting service [Tomcat] 
2024-09-12T15:43:35.121 [restartedMain] INFO o.a.c.c.StandardEngine - Starting Servlet engine: [Apache Tomcat/10.1.28] 
2024-09-12T15:43:35.127 [restartedMain] INFO o.a.c.c.C.[.[.[/] - Initializing Spring embedded WebApplicationContext 
2024-09-12T15:43:35.127 [restartedMain] INFO o.s.b.w.s.c.ServletWebServerApplicationContext - Root WebApplicationContext: initialization completed in 121 ms 
2024-09-12T15:43:35.223 [restartedMain] INFO o.s.b.d.a.OptionalLiveReloadServer - LiveReload server is running on port 35729 
2024-09-12T15:43:35.228 [restartedMain] INFO o.a.c.h.Http11NioProtocol - Starting ProtocolHandler ["http-nio-8080"] 
2024-09-12T15:43:35.231 [restartedMain] INFO o.s.b.w.e.t.TomcatWebServer - Tomcat started on port 8080 (http) with context path '/' 
2024-09-12T15:43:35.235 [restartedMain] INFO c.l.CyphersApplication - Started CyphersApplication in 0.242 seconds (process running for 3936.511) 
2024-09-12T15:43:35.237 [restartedMain] INFO o.s.b.d.a.ConditionEvaluationDeltaLoggingListener - Condition evaluation unchanged 
2024-09-12T15:43:39.401 [http-nio-8080-exec-2] INFO o.a.c.c.C.[.[.[/] - Initializing Spring DispatcherServlet 'dispatcherServlet' 
2024-09-12T15:43:39.401 [http-nio-8080-exec-2] INFO o.s.w.s.DispatcherServlet - Initializing Servlet 'dispatcherServlet' 
2024-09-12T15:43:39.402 [http-nio-8080-exec-2] INFO o.s.w.s.DispatcherServlet - Completed initialization in 1 ms 
2024-09-12T15:43:39.403 [http-nio-8080-exec-2] INFO c.z.h.HikariDataSource - HikariPool-15 - Starting... 
2024-09-12T15:43:39.413 [http-nio-8080-exec-2] INFO c.z.h.p.HikariPool - HikariPool-15 - Added connection net.sf.log4jdbc.sql.jdbcapi.ConnectionSpy@7bbab8fd 
2024-09-12T15:43:39.413 [http-nio-8080-exec-2] INFO c.z.h.HikariDataSource - HikariPool-15 - Start completed. 
2024-09-12T15:43:39.414 [http-nio-8080-exec-2] DEBUG j.sqltiming -  com.zaxxer.hikari.pool.ProxyPreparedStatement.execute(ProxyPreparedStatement.java:44)
137. select
			b.cdSeq
		    ,b.cdName
		    ,b.cdUseNy
		    ,b.cdTurn
		    ,b.cdDesc
		    ,b.cdDelNy
		    ,b.cdDateTime
		    ,b.cdFixDate
		    ,b.codegroup_seq
		    ,a.cgSeq
		    ,a.cgName
		from
			code b
		left join codegroup a
		on a.cgSeq = b.codegroup_seq
		where 1=1

		order by
			b.cdSeq desc
 {executed in 1 msec} 
2024-09-12T15:43:46.267 [http-nio-8080-exec-9] DEBUG j.sqltiming -  com.zaxxer.hikari.pool.ProxyPreparedStatement.execute(ProxyPreparedStatement.java:44)
137. select
			a.cgSeq 
		    ,a.cgName
		    ,a.cgUseNy
		    ,a.cgTurn
		    ,a.cgDesc
		    ,a.cgDelNy
		    ,a.cgDateTime
		    ,a.cgFixDate
		    ,(select
            count(b.cdSeq)
            from code b
            where 1=1
            and a.cgSeq = b.codegroup_seq
            )
            as count
		from
			codegroup a
		where 1=1

		order by
			a.cgSeq desc
 {executed in 1 msec} 
2024-09-12T15:43:48.586 [http-nio-8080-exec-4] DEBUG j.sqltiming -  com.zaxxer.hikari.pool.ProxyPreparedStatement.execute(ProxyPreparedStatement.java:44)
137. select
			a.cgSeq 
		    ,a.cgName
		    ,a.cgUseNy
		    ,a.cgTurn
		    ,a.cgDesc
		    ,a.cgDelNy
		    ,a.cgDateTime
		    ,a.cgFixDate
		    ,(select
            count(b.cdSeq)
            from code b
            where 1=1
            and a.cgSeq = b.codegroup_seq
            )
            as count
		from
			codegroup a
		where 1=1

		order by
			a.cgSeq desc
 {executed in 2 msec} 
2024-09-12T15:43:57.551 [http-nio-8080-exec-5] DEBUG j.sqltiming -  com.zaxxer.hikari.pool.ProxyPreparedStatement.execute(ProxyPreparedStatement.java:44)
137. select
			a.cgSeq 
		    ,a.cgName
		    ,a.cgUseNy
		    ,a.cgTurn
		    ,a.cgDesc
		    ,a.cgDelNy
		    ,a.cgDateTime
		    ,a.cgFixDate
		    ,(select
            count(b.cdSeq)
            from code b
            where 1=1
            and a.cgSeq = b.codegroup_seq
            )
            as count
		from
			codegroup a
		where 1=1

			 AND a.cgDateTime BETWEEN '2024-09-01 00:00:00' AND '2024-09-1223:59:59' 	
		order by
			a.cgSeq desc
 {executed in 1 msec} 
2024-09-12T15:44:05.173 [File Watcher] INFO o.s.b.d.a.LocalDevToolsAutoConfiguration$RestartingClassPathChangeChangedEventListener - Restarting due to 1 class path change (0 additions, 0 deletions, 1 modification) 
2024-09-12T15:44:05.174 [Thread-107] INFO o.a.c.h.Http11NioProtocol - Stopping ProtocolHandler ["http-nio-8080"] 
2024-09-12T15:44:05.267 [Thread-107] INFO c.z.h.HikariDataSource - HikariPool-15 - Shutdown initiated... 
2024-09-12T15:44:05.269 [Thread-107] INFO c.z.h.HikariDataSource - HikariPool-15 - Shutdown completed. 
2024-09-12T15:44:05.329 [restartedMain] INFO c.l.CyphersApplication - Starting CyphersApplication using Java 17.0.11 with PID 6472 (C:\factory\ws_sts4_4240\repo_cyphers\cyphers\bin\main started by Lenovo in C:\factory\ws_sts4_4240\repo_cyphers\cyphers) 
2024-09-12T15:44:05.329 [restartedMain] INFO c.l.CyphersApplication - No active profile set, falling back to 1 default profile: "default" 
2024-09-12T15:44:05.451 [restartedMain] INFO o.s.b.w.e.t.TomcatWebServer - Tomcat initialized with port 8080 (http) 
2024-09-12T15:44:05.452 [restartedMain] INFO o.a.c.h.Http11NioProtocol - Initializing ProtocolHandler ["http-nio-8080"] 
2024-09-12T15:44:05.452 [restartedMain] INFO o.a.c.c.StandardService - Starting service [Tomcat] 
2024-09-12T15:44:05.452 [restartedMain] INFO o.a.c.c.StandardEngine - Starting Servlet engine: [Apache Tomcat/10.1.28] 
2024-09-12T15:44:05.460 [restartedMain] INFO o.a.c.c.C.[.[.[/] - Initializing Spring embedded WebApplicationContext 
2024-09-12T15:44:05.460 [restartedMain] INFO o.s.b.w.s.c.ServletWebServerApplicationContext - Root WebApplicationContext: initialization completed in 130 ms 
2024-09-12T15:44:05.553 [restartedMain] INFO o.s.b.d.a.OptionalLiveReloadServer - LiveReload server is running on port 35729 
2024-09-12T15:44:05.558 [restartedMain] INFO o.a.c.h.Http11NioProtocol - Starting ProtocolHandler ["http-nio-8080"] 
2024-09-12T15:44:05.560 [restartedMain] INFO o.s.b.w.e.t.TomcatWebServer - Tomcat started on port 8080 (http) with context path '/' 
2024-09-12T15:44:05.566 [restartedMain] INFO c.l.CyphersApplication - Started CyphersApplication in 0.249 seconds (process running for 3966.842) 
2024-09-12T15:44:05.567 [restartedMain] INFO o.s.b.d.a.ConditionEvaluationDeltaLoggingListener - Condition evaluation unchanged 
2024-09-12T15:44:12.724 [http-nio-8080-exec-1] INFO o.a.c.c.C.[.[.[/] - Initializing Spring DispatcherServlet 'dispatcherServlet' 
2024-09-12T15:44:12.724 [http-nio-8080-exec-1] INFO o.s.w.s.DispatcherServlet - Initializing Servlet 'dispatcherServlet' 
2024-09-12T15:44:12.724 [http-nio-8080-exec-1] INFO o.s.w.s.DispatcherServlet - Completed initialization in 0 ms 
2024-09-12T15:44:12.727 [http-nio-8080-exec-1] INFO c.z.h.HikariDataSource - HikariPool-16 - Starting... 
2024-09-12T15:44:12.738 [http-nio-8080-exec-1] INFO c.z.h.p.HikariPool - HikariPool-16 - Added connection net.sf.log4jdbc.sql.jdbcapi.ConnectionSpy@27edaeb5 
2024-09-12T15:44:12.738 [http-nio-8080-exec-1] INFO c.z.h.HikariDataSource - HikariPool-16 - Start completed. 
2024-09-12T15:44:12.739 [http-nio-8080-exec-1] DEBUG j.sqltiming -  com.zaxxer.hikari.pool.ProxyPreparedStatement.execute(ProxyPreparedStatement.java:44)
147. select
			a.cgSeq 
		    ,a.cgName
		    ,a.cgUseNy
		    ,a.cgTurn
		    ,a.cgDesc
		    ,a.cgDelNy
		    ,a.cgDateTime
		    ,a.cgFixDate
		    ,(select
            count(b.cdSeq)
            from code b
            where 1=1
            and a.cgSeq = b.codegroup_seq
            )
            as count
		from
			codegroup a
		where 1=1

			 AND a.cgDateTime BETWEEN '2024-09-01 00:00:00' AND '2024-09-12 23:59:59' 	
		order by
			a.cgSeq desc
 {executed in 1 msec} 
2024-09-12T15:44:44.404 [http-nio-8080-exec-3] DEBUG j.sqltiming -  com.zaxxer.hikari.pool.ProxyPreparedStatement.execute(ProxyPreparedStatement.java:44)
147. select
			a.cgSeq 
		    ,a.cgName
		    ,a.cgUseNy
		    ,a.cgTurn
		    ,a.cgDesc
		    ,a.cgDelNy
		    ,a.cgDateTime
		    ,a.cgFixDate
		    ,(select
            count(b.cdSeq)
            from code b
            where 1=1
            and a.cgSeq = b.codegroup_seq
            )
            as count
		from
			codegroup a
		where 1=1

			 AND a.cgDateTime BETWEEN '2024-09-01 00:00:00' AND '2024-09-12 23:59:59' 	
		order by
			a.cgSeq desc
 {executed in 1 msec} 
2024-09-12T15:44:49.447 [http-nio-8080-exec-7] DEBUG j.sqltiming -  com.zaxxer.hikari.pool.ProxyPreparedStatement.execute(ProxyPreparedStatement.java:44)
147. select
			a.cgSeq 
		    ,a.cgName
		    ,a.cgUseNy
		    ,a.cgTurn
		    ,a.cgDesc
		    ,a.cgDelNy
		    ,a.cgDateTime
		    ,a.cgFixDate
		    ,(select
            count(b.cdSeq)
            from code b
            where 1=1
            and a.cgSeq = b.codegroup_seq
            )
            as count
		from
			codegroup a
		where 1=1

		order by
			a.cgSeq desc
 {executed in 1 msec} 
2024-09-12T15:45:02.711 [http-nio-8080-exec-4] DEBUG j.sqltiming -  com.zaxxer.hikari.pool.ProxyPreparedStatement.execute(ProxyPreparedStatement.java:44)
147. select
			a.cgSeq 
		    ,a.cgName
		    ,a.cgUseNy
		    ,a.cgTurn
		    ,a.cgDesc
		    ,a.cgDelNy
		    ,a.cgDateTime
		    ,a.cgFixDate
		    ,(select
            count(b.cdSeq)
            from code b
            where 1=1
            and a.cgSeq = b.codegroup_seq
            )
            as count
		from
			codegroup a
		where 1=1

			 AND a.cgFixDate BETWEEN '2024-09-02 00:00:00' AND '2024-09-12 23:59:59' 	
		order by
			a.cgSeq desc
 {executed in 1 msec} 
2024-09-12T15:47:26.348 [http-nio-8080-exec-5] DEBUG j.sqltiming -  com.zaxxer.hikari.pool.ProxyPreparedStatement.execute(ProxyPreparedStatement.java:44)
147. select
			a.cgSeq 
		    ,a.cgName
		    ,a.cgUseNy
		    ,a.cgTurn
		    ,a.cgDesc
		    ,a.cgDelNy
		    ,a.cgDateTime
		    ,a.cgFixDate
		    ,(select
            count(b.cdSeq)
            from code b
            where 1=1
            and a.cgSeq = b.codegroup_seq
            )
            as count
		from
			codegroup a
		where 1=1

		order by
			a.cgSeq desc
 {executed in 2 msec} 
2024-09-12T15:47:32.256 [http-nio-8080-exec-4] DEBUG j.sqltiming -  com.zaxxer.hikari.pool.ProxyPreparedStatement.execute(ProxyPreparedStatement.java:44)
147. select
			b.cdSeq
		    ,b.cdName
		    ,b.cdUseNy
		    ,b.cdTurn
		    ,b.cdDesc
		    ,b.cdDelNy
		    ,b.cdDateTime
		    ,b.cdFixDate
		    ,b.codegroup_seq
		    ,a.cgSeq
		    ,a.cgName
		from
			code b
		left join codegroup a
		on a.cgSeq = b.codegroup_seq
		where 1=1

		order by
			b.cdSeq desc
 {executed in 1 msec} 
2024-09-12T15:47:48.505 [http-nio-8080-exec-8] DEBUG j.sqltiming -  com.zaxxer.hikari.pool.ProxyPreparedStatement.execute(ProxyPreparedStatement.java:44)
147. select
			b.cdSeq
		    ,b.cdName
		    ,b.cdUseNy
		    ,b.cdTurn
		    ,b.cdDesc
		    ,b.cdDelNy
		    ,b.cdDateTime
		    ,b.cdFixDate
		    ,b.codegroup_seq
		    ,a.cgSeq
		    ,a.cgName
		from
			code b
		left join codegroup a
		on a.cgSeq = b.codegroup_seq
		where 1=1

		order by
			b.cdSeq desc
 {executed in 1 msec} 
2024-09-12T15:48:37.056 [http-nio-8080-exec-4] DEBUG j.sqltiming -  com.zaxxer.hikari.pool.ProxyPreparedStatement.execute(ProxyPreparedStatement.java:44)
147. select
			b.cdSeq
		    ,b.cdName
		    ,b.cdUseNy
		    ,b.cdTurn
		    ,b.cdDesc
		    ,b.cdDelNy
		    ,b.cdDateTime
		    ,b.cdFixDate
		    ,b.codegroup_seq
		    ,a.cgSeq
		    ,a.cgName
		from
			code b
		left join codegroup a
		on a.cgSeq = b.codegroup_seq
		where 1=1

		order by
			b.cdSeq desc
 {executed in 1 msec} 
2024-09-12T15:51:07.315 [http-nio-8080-exec-3] DEBUG j.sqltiming -  com.zaxxer.hikari.pool.ProxyPreparedStatement.execute(ProxyPreparedStatement.java:44)
147. select
			b.cdSeq
		    ,b.cdName
		    ,b.cdUseNy
		    ,b.cdTurn
		    ,b.cdDesc
		    ,b.cdDelNy
		    ,b.cdDateTime
		    ,b.cdFixDate
		    ,b.codegroup_seq
		    ,a.cgSeq
		    ,a.cgName
		from
			code b
		left join codegroup a
		on a.cgSeq = b.codegroup_seq
		where 1=1

		order by
			b.cdSeq desc
 {executed in 1 msec} 
2024-09-12T15:51:14.847 [http-nio-8080-exec-7] DEBUG j.sqltiming -  com.zaxxer.hikari.pool.ProxyPreparedStatement.execute(ProxyPreparedStatement.java:44)
147. select
			b.cdSeq
		    ,b.cdName
		    ,b.cdUseNy
		    ,b.cdTurn
		    ,b.cdDesc
		    ,b.cdDelNy
		    ,b.cdDateTime
		    ,b.cdFixDate
		    ,b.codegroup_seq
		    ,a.cgSeq
		    ,a.cgName
		from
			code b
		left join codegroup a
		on a.cgSeq = b.codegroup_seq
		where 1=1

		order by
			b.cdSeq desc
 {executed in 1 msec} 
2024-09-12T15:52:17.387 [http-nio-8080-exec-8] DEBUG j.sqltiming -  com.zaxxer.hikari.pool.ProxyPreparedStatement.execute(ProxyPreparedStatement.java:44)
147. select
			b.cdSeq
		    ,b.cdName
		    ,b.cdUseNy
		    ,b.cdTurn
		    ,b.cdDesc
		    ,b.cdDelNy
		    ,b.cdDateTime
		    ,b.cdFixDate
		    ,b.codegroup_seq
		    ,a.cgSeq
		    ,a.cgName
		from
			code b
		left join codegroup a
		on a.cgSeq = b.codegroup_seq
		where 1=1

		order by
			b.cdSeq desc
 {executed in 1 msec} 
2024-09-12T15:52:27.033 [http-nio-8080-exec-3] DEBUG j.sqltiming -  com.zaxxer.hikari.pool.ProxyPreparedStatement.execute(ProxyPreparedStatement.java:44)
147. select
			a.cgSeq 
		    ,a.cgName
		    ,a.cgUseNy
		    ,a.cgTurn
		    ,a.cgDesc
		    ,a.cgDelNy
		    ,a.cgDateTime
		    ,a.cgFixDate
		    ,(select
            count(b.cdSeq)
            from code b
            where 1=1
            and a.cgSeq = b.codegroup_seq
            )
            as count
		from
			codegroup a
		where 1=1

		order by
			a.cgSeq desc
 {executed in 1 msec} 
2024-09-12T15:52:33.957 [http-nio-8080-exec-8] DEBUG j.sqltiming -  com.zaxxer.hikari.pool.ProxyPreparedStatement.execute(ProxyPreparedStatement.java:44)
147. select
			a.cgSeq 
		    ,a.cgName
		    ,a.cgUseNy
		    ,a.cgTurn
		    ,a.cgDesc
		    ,a.cgDelNy
		    ,a.cgDateTime
		    ,a.cgFixDate
		    ,(select
            count(b.cdSeq)
            from code b
            where 1=1
            and a.cgSeq = b.codegroup_seq
            )
            as count
		from
			codegroup a
		where 1=1

			 AND a.cgDateTime BETWEEN '2024-09-06 00:00:00' AND '2024-09-12 23:59:59' 	
		order by
			a.cgSeq desc
 {executed in 1 msec} 
2024-09-12T15:54:28.771 [File Watcher] INFO o.s.b.d.a.LocalDevToolsAutoConfiguration$RestartingClassPathChangeChangedEventListener - Restarting due to 1 class path change (0 additions, 0 deletions, 1 modification) 
2024-09-12T15:54:28.772 [Thread-111] INFO o.a.c.h.Http11NioProtocol - Stopping ProtocolHandler ["http-nio-8080"] 
2024-09-12T15:54:28.853 [Thread-111] INFO c.z.h.HikariDataSource - HikariPool-16 - Shutdown initiated... 
2024-09-12T15:54:28.855 [Thread-111] INFO c.z.h.HikariDataSource - HikariPool-16 - Shutdown completed. 
2024-09-12T15:54:28.902 [restartedMain] INFO c.l.CyphersApplication - Starting CyphersApplication using Java 17.0.11 with PID 6472 (C:\factory\ws_sts4_4240\repo_cyphers\cyphers\bin\main started by Lenovo in C:\factory\ws_sts4_4240\repo_cyphers\cyphers) 
2024-09-12T15:54:28.902 [restartedMain] INFO c.l.CyphersApplication - No active profile set, falling back to 1 default profile: "default" 
2024-09-12T15:54:29.024 [restartedMain] INFO o.s.b.w.e.t.TomcatWebServer - Tomcat initialized with port 8080 (http) 
2024-09-12T15:54:29.025 [restartedMain] INFO o.a.c.h.Http11NioProtocol - Initializing ProtocolHandler ["http-nio-8080"] 
2024-09-12T15:54:29.025 [restartedMain] INFO o.a.c.c.StandardService - Starting service [Tomcat] 
2024-09-12T15:54:29.025 [restartedMain] INFO o.a.c.c.StandardEngine - Starting Servlet engine: [Apache Tomcat/10.1.28] 
2024-09-12T15:54:29.031 [restartedMain] INFO o.a.c.c.C.[.[.[/] - Initializing Spring embedded WebApplicationContext 
2024-09-12T15:54:29.031 [restartedMain] INFO o.s.b.w.s.c.ServletWebServerApplicationContext - Root WebApplicationContext: initialization completed in 128 ms 
2024-09-12T15:54:29.133 [restartedMain] INFO o.s.b.d.a.OptionalLiveReloadServer - LiveReload server is running on port 35729 
2024-09-12T15:54:29.138 [restartedMain] INFO o.a.c.h.Http11NioProtocol - Starting ProtocolHandler ["http-nio-8080"] 
2024-09-12T15:54:29.140 [restartedMain] INFO o.s.b.w.e.t.TomcatWebServer - Tomcat started on port 8080 (http) with context path '/' 
2024-09-12T15:54:29.145 [restartedMain] INFO c.l.CyphersApplication - Started CyphersApplication in 0.255 seconds (process running for 4590.421) 
2024-09-12T15:54:29.146 [restartedMain] INFO o.s.b.d.a.ConditionEvaluationDeltaLoggingListener - Condition evaluation unchanged 
2024-09-12T15:55:15.962 [http-nio-8080-exec-1] INFO o.a.c.c.C.[.[.[/] - Initializing Spring DispatcherServlet 'dispatcherServlet' 
2024-09-12T15:55:15.962 [http-nio-8080-exec-1] INFO o.s.w.s.DispatcherServlet - Initializing Servlet 'dispatcherServlet' 
2024-09-12T15:55:15.962 [http-nio-8080-exec-1] INFO o.s.w.s.DispatcherServlet - Completed initialization in 0 ms 
2024-09-12T15:55:15.964 [http-nio-8080-exec-1] INFO c.z.h.HikariDataSource - HikariPool-17 - Starting... 
2024-09-12T15:55:15.976 [http-nio-8080-exec-1] INFO c.z.h.p.HikariPool - HikariPool-17 - Added connection net.sf.log4jdbc.sql.jdbcapi.ConnectionSpy@5908ad22 
2024-09-12T15:55:15.976 [http-nio-8080-exec-1] INFO c.z.h.HikariDataSource - HikariPool-17 - Start completed. 
2024-09-12T15:55:15.978 [http-nio-8080-exec-1] DEBUG j.sqltiming -  com.zaxxer.hikari.pool.ProxyPreparedStatement.execute(ProxyPreparedStatement.java:44)
157. select
			b.cdSeq
		    ,b.cdName
		    ,b.cdUseNy
		    ,b.cdTurn
		    ,b.cdDesc
		    ,b.cdDelNy
		    ,b.cdDateTime
		    ,b.cdFixDate
		    ,b.codegroup_seq
		    ,a.cgSeq
		    ,a.cgName
		from
			code b
		left join codegroup a
		on a.cgSeq = b.codegroup_seq
		where 1=1

		order by
			b.cdSeq desc
 {executed in 1 msec} 
2024-09-12T15:55:21.769 [http-nio-8080-exec-6] DEBUG j.sqltiming -  com.zaxxer.hikari.pool.ProxyPreparedStatement.execute(ProxyPreparedStatement.java:44)
157. select
			b.cdSeq
		    ,b.cdName
		    ,b.cdUseNy
		    ,b.cdTurn
		    ,b.cdDesc
		    ,b.cdDelNy
		    ,b.cdDateTime
		    ,b.cdFixDate
		    ,b.codegroup_seq
		    ,a.cgSeq
		    ,a.cgName
		from
			code b
		left join codegroup a
		on a.cgSeq = b.codegroup_seq
		where 1=1

		order by
			b.cdSeq desc
 {executed in 1 msec} 
2024-09-12T15:57:37.168 [File Watcher] INFO o.s.b.d.a.LocalDevToolsAutoConfiguration$RestartingClassPathChangeChangedEventListener - Restarting due to 1 class path change (0 additions, 0 deletions, 1 modification) 
2024-09-12T15:57:37.168 [Thread-115] INFO o.a.c.h.Http11NioProtocol - Stopping ProtocolHandler ["http-nio-8080"] 
2024-09-12T15:57:37.252 [Thread-115] INFO c.z.h.HikariDataSource - HikariPool-17 - Shutdown initiated... 
2024-09-12T15:57:37.254 [Thread-115] INFO c.z.h.HikariDataSource - HikariPool-17 - Shutdown completed. 
2024-09-12T15:57:37.301 [restartedMain] INFO c.l.CyphersApplication - Starting CyphersApplication using Java 17.0.11 with PID 6472 (C:\factory\ws_sts4_4240\repo_cyphers\cyphers\bin\main started by Lenovo in C:\factory\ws_sts4_4240\repo_cyphers\cyphers) 
2024-09-12T15:57:37.302 [restartedMain] INFO c.l.CyphersApplication - No active profile set, falling back to 1 default profile: "default" 
2024-09-12T15:57:37.420 [restartedMain] INFO o.s.b.w.e.t.TomcatWebServer - Tomcat initialized with port 8080 (http) 
2024-09-12T15:57:37.421 [restartedMain] INFO o.a.c.h.Http11NioProtocol - Initializing ProtocolHandler ["http-nio-8080"] 
2024-09-12T15:57:37.421 [restartedMain] INFO o.a.c.c.StandardService - Starting service [Tomcat] 
2024-09-12T15:57:37.421 [restartedMain] INFO o.a.c.c.StandardEngine - Starting Servlet engine: [Apache Tomcat/10.1.28] 
2024-09-12T15:57:37.429 [restartedMain] INFO o.a.c.c.C.[.[.[/] - Initializing Spring embedded WebApplicationContext 
2024-09-12T15:57:37.429 [restartedMain] INFO o.s.b.w.s.c.ServletWebServerApplicationContext - Root WebApplicationContext: initialization completed in 126 ms 
2024-09-12T15:57:37.536 [restartedMain] INFO o.s.b.d.a.OptionalLiveReloadServer - LiveReload server is running on port 35729 
2024-09-12T15:57:37.541 [restartedMain] INFO o.a.c.h.Http11NioProtocol - Starting ProtocolHandler ["http-nio-8080"] 
2024-09-12T15:57:37.543 [restartedMain] INFO o.s.b.w.e.t.TomcatWebServer - Tomcat started on port 8080 (http) with context path '/' 
2024-09-12T15:57:37.547 [restartedMain] INFO c.l.CyphersApplication - Started CyphersApplication in 0.258 seconds (process running for 4778.823) 
2024-09-12T15:57:37.548 [restartedMain] INFO o.s.b.d.a.ConditionEvaluationDeltaLoggingListener - Condition evaluation unchanged 
2024-09-12T15:57:57.815 [File Watcher] INFO o.s.b.d.a.LocalDevToolsAutoConfiguration$RestartingClassPathChangeChangedEventListener - Restarting due to 1 class path change (0 additions, 0 deletions, 1 modification) 
2024-09-12T15:57:57.815 [Thread-119] INFO o.a.c.h.Http11NioProtocol - Stopping ProtocolHandler ["http-nio-8080"] 
2024-09-12T15:57:57.958 [restartedMain] INFO c.l.CyphersApplication - Starting CyphersApplication using Java 17.0.11 with PID 6472 (C:\factory\ws_sts4_4240\repo_cyphers\cyphers\bin\main started by Lenovo in C:\factory\ws_sts4_4240\repo_cyphers\cyphers) 
2024-09-12T15:57:57.958 [restartedMain] INFO c.l.CyphersApplication - No active profile set, falling back to 1 default profile: "default" 
2024-09-12T15:57:58.075 [restartedMain] INFO o.s.b.w.e.t.TomcatWebServer - Tomcat initialized with port 8080 (http) 
2024-09-12T15:57:58.075 [restartedMain] INFO o.a.c.h.Http11NioProtocol - Initializing ProtocolHandler ["http-nio-8080"] 
2024-09-12T15:57:58.075 [restartedMain] INFO o.a.c.c.StandardService - Starting service [Tomcat] 
2024-09-12T15:57:58.075 [restartedMain] INFO o.a.c.c.StandardEngine - Starting Servlet engine: [Apache Tomcat/10.1.28] 
2024-09-12T15:57:58.082 [restartedMain] INFO o.a.c.c.C.[.[.[/] - Initializing Spring embedded WebApplicationContext 
2024-09-12T15:57:58.082 [restartedMain] INFO o.s.b.w.s.c.ServletWebServerApplicationContext - Root WebApplicationContext: initialization completed in 123 ms 
2024-09-12T15:57:58.172 [restartedMain] INFO o.s.b.d.a.OptionalLiveReloadServer - LiveReload server is running on port 35729 
2024-09-12T15:57:58.177 [restartedMain] INFO o.a.c.h.Http11NioProtocol - Starting ProtocolHandler ["http-nio-8080"] 
2024-09-12T15:57:58.181 [restartedMain] INFO o.s.b.w.e.t.TomcatWebServer - Tomcat started on port 8080 (http) with context path '/' 
2024-09-12T15:57:58.186 [restartedMain] INFO c.l.CyphersApplication - Started CyphersApplication in 0.24 seconds (process running for 4799.462) 
2024-09-12T15:57:58.187 [restartedMain] INFO o.s.b.d.a.ConditionEvaluationDeltaLoggingListener - Condition evaluation unchanged 
2024-09-12T15:57:59.233 [http-nio-8080-exec-2] INFO o.a.c.c.C.[.[.[/] - Initializing Spring DispatcherServlet 'dispatcherServlet' 
2024-09-12T15:57:59.233 [http-nio-8080-exec-2] INFO o.s.w.s.DispatcherServlet - Initializing Servlet 'dispatcherServlet' 
2024-09-12T15:57:59.234 [http-nio-8080-exec-2] INFO o.s.w.s.DispatcherServlet - Completed initialization in 1 ms 
2024-09-12T15:57:59.235 [http-nio-8080-exec-2] INFO c.z.h.HikariDataSource - HikariPool-18 - Starting... 
2024-09-12T15:57:59.245 [http-nio-8080-exec-2] INFO c.z.h.p.HikariPool - HikariPool-18 - Added connection net.sf.log4jdbc.sql.jdbcapi.ConnectionSpy@62cc5394 
2024-09-12T15:57:59.245 [http-nio-8080-exec-2] INFO c.z.h.HikariDataSource - HikariPool-18 - Start completed. 
2024-09-12T15:57:59.246 [http-nio-8080-exec-2] DEBUG j.sqltiming -  com.zaxxer.hikari.pool.ProxyPreparedStatement.execute(ProxyPreparedStatement.java:44)
167. select
			b.cdSeq
		    ,b.cdName
		    ,b.cdUseNy
		    ,b.cdTurn
		    ,b.cdDesc
		    ,b.cdDelNy
		    ,b.cdDateTime
		    ,b.cdFixDate
		    ,b.codegroup_seq
		    ,a.cgSeq
		    ,a.cgName
		from
			code b
		left join codegroup a
		on a.cgSeq = b.codegroup_seq
		where 1=1

		order by
			b.cdSeq desc
 {executed in 1 msec} 
2024-09-12T15:58:06.687 [http-nio-8080-exec-9] DEBUG j.sqltiming -  com.zaxxer.hikari.pool.ProxyPreparedStatement.execute(ProxyPreparedStatement.java:44)
167. select
			b.cdSeq
		    ,b.cdName
		    ,b.cdUseNy
		    ,b.cdTurn
		    ,b.cdDesc
		    ,b.cdDelNy
		    ,b.cdDateTime
		    ,b.cdFixDate
		    ,b.codegroup_seq
		    ,a.cgSeq
		    ,a.cgName
		from
			code b
		left join codegroup a
		on a.cgSeq = b.codegroup_seq
		where 1=1

		order by
			b.cdSeq desc
 {executed in 1 msec} 
2024-09-12T15:58:15.957 [http-nio-8080-exec-8] DEBUG j.sqltiming -  com.zaxxer.hikari.pool.ProxyPreparedStatement.execute(ProxyPreparedStatement.java:44)
167. select
			b.cdSeq
		    ,b.cdName
		    ,b.cdUseNy
		    ,b.cdTurn
		    ,b.cdDesc
		    ,b.cdDelNy
		    ,b.cdDateTime
		    ,b.cdFixDate
		    ,b.codegroup_seq
		    ,a.cgSeq
		    ,a.cgName
		from
			code b
		left join codegroup a
		on a.cgSeq = b.codegroup_seq
		where 1=1

		order by
			b.cdSeq desc
 {executed in 0 msec} 
2024-09-12T15:58:50.699 [http-nio-8080-exec-10] DEBUG j.sqltiming -  com.zaxxer.hikari.pool.ProxyPreparedStatement.execute(ProxyPreparedStatement.java:44)
167. select
			b.cdSeq
		    ,b.cdName
		    ,b.cdUseNy
		    ,b.cdTurn
		    ,b.cdDesc
		    ,b.cdDelNy
		    ,b.cdDateTime
		    ,b.cdFixDate
		    ,b.codegroup_seq
		    ,a.cgSeq
		    ,a.cgName
		from
			code b
		left join codegroup a
		on a.cgSeq = b.codegroup_seq
		where 1=1

		order by
			b.cdSeq desc
 {executed in 1 msec} 
2024-09-12T15:58:57.919 [http-nio-8080-exec-9] DEBUG j.sqltiming -  com.zaxxer.hikari.pool.ProxyPreparedStatement.execute(ProxyPreparedStatement.java:44)
167. select
			b.cdSeq
		    ,b.cdName
		    ,b.cdUseNy
		    ,b.cdTurn
		    ,b.cdDesc
		    ,b.cdDelNy
		    ,b.cdDateTime
		    ,b.cdFixDate
		    ,b.codegroup_seq
		    ,a.cgSeq
		    ,a.cgName
		from
			code b
		left join codegroup a
		on a.cgSeq = b.codegroup_seq
		where 1=1

		order by
			b.cdSeq desc
 {executed in 1 msec} 
