2024-09-19T15:01:15.122 [http-nio-8080-exec-2] DEBUG j.sqltiming -  com.zaxxer.hikari.pool.ProxyPreparedStatement.execute(ProxyPreparedStatement.java:44)
121. INSERT INTO product(
			pdName
			,pdPrice
			,pdUseNy
			,pdDelNy
			,pdDate
			,pdFixDate
			)values(
			'삭제'
			,'10000원'
			,1
			,0
			,now()
			,now()
			)
 {executed in 8 msec} 
2024-09-19T15:01:15.128 [http-nio-8080-exec-3] DEBUG j.sqltiming -  com.zaxxer.hikari.pool.ProxyPreparedStatement.execute(ProxyPreparedStatement.java:44)
121. SELECT
		pd.pdSeq
		,pd.pdName
		,pd.pdPrice
		,pd.pdUseNy
		,pd.pdDelNy
		,pd.pdDate
		,pd.pdFixDate
		,pd.pdDesc
	FROM
	 product pd
	WHERE 1=1

	ORDER BY
		pd.pdSeq DESC
 {executed in 0 msec} 
2024-09-19T15:01:17.912 [http-nio-8080-exec-6] DEBUG j.sqltiming -  com.zaxxer.hikari.pool.ProxyPreparedStatement.execute(ProxyPreparedStatement.java:44)
121. SELECT
		pd.pdSeq
		,pd.pdName
		,pd.pdPrice
		,pd.pdUseNy
		,pd.pdDelNy
		,pd.pdDate
		,pd.pdFixDate
		,pd.pdDesc
	FROM 
		product pd
	WHERE 1=1
	AND pd.pdSeq = '6'
 {executed in 1 msec} 
2024-09-19T15:01:20.665 [http-nio-8080-exec-10] DEBUG j.sqltiming -  com.zaxxer.hikari.pool.ProxyPreparedStatement.execute(ProxyPreparedStatement.java:44)
121. DELETE FROM product
		WHERE 1=1
		AND pdSeq = '6'
 {executed in 8 msec} 
2024-09-19T15:01:20.671 [http-nio-8080-exec-5] DEBUG j.sqltiming -  com.zaxxer.hikari.pool.ProxyPreparedStatement.execute(ProxyPreparedStatement.java:44)
121. SELECT
		pd.pdSeq
		,pd.pdName
		,pd.pdPrice
		,pd.pdUseNy
		,pd.pdDelNy
		,pd.pdDate
		,pd.pdFixDate
		,pd.pdDesc
	FROM
	 product pd
	WHERE 1=1

	ORDER BY
		pd.pdSeq DESC
 {executed in 1 msec} 
2024-09-19T15:04:40.207 [http-nio-8080-exec-10] DEBUG j.sqltiming -  com.zaxxer.hikari.pool.ProxyPreparedStatement.execute(ProxyPreparedStatement.java:44)
121. SELECT
		pd.pdSeq
		,pd.pdName
		,pd.pdPrice
		,pd.pdUseNy
		,pd.pdDelNy
		,pd.pdDate
		,pd.pdFixDate
		,pd.pdDesc
	FROM
	 product pd
	WHERE 1=1

	 and pdUseNy = 0 

	ORDER BY
		pd.pdSeq DESC
 {executed in 0 msec} 
2024-09-19T15:04:42.782 [http-nio-8080-exec-3] DEBUG j.sqltiming -  com.zaxxer.hikari.pool.ProxyPreparedStatement.execute(ProxyPreparedStatement.java:44)
121. SELECT
		pd.pdSeq
		,pd.pdName
		,pd.pdPrice
		,pd.pdUseNy
		,pd.pdDelNy
		,pd.pdDate
		,pd.pdFixDate
		,pd.pdDesc
	FROM 
		product pd
	WHERE 1=1
	AND pd.pdSeq = '3'
 {executed in 1 msec} 
2024-09-19T15:04:44.865 [http-nio-8080-exec-8] DEBUG j.sqltiming -  com.zaxxer.hikari.pool.ProxyPreparedStatement.execute(ProxyPreparedStatement.java:44)
121. UPDATE product
	SET
		pdName = '소고기'
		,pdPrice = '5000원'
		,pdUseNy = 1
		,pdDesc = ''
		,pdFixDate = now()
	WHERE 1=1
		AND pdSeq = '3'
 {executed in 8 msec} 
2024-09-19T15:04:44.869 [http-nio-8080-exec-2] DEBUG j.sqltiming -  com.zaxxer.hikari.pool.ProxyPreparedStatement.execute(ProxyPreparedStatement.java:44)
121. SELECT
		pd.pdSeq
		,pd.pdName
		,pd.pdPrice
		,pd.pdUseNy
		,pd.pdDelNy
		,pd.pdDate
		,pd.pdFixDate
		,pd.pdDesc
	FROM
	 product pd
	WHERE 1=1

	ORDER BY
		pd.pdSeq DESC
 {executed in 1 msec} 
2024-09-19T15:04:54.354 [http-nio-8080-exec-1] DEBUG j.sqltiming -  com.zaxxer.hikari.pool.ProxyPreparedStatement.execute(ProxyPreparedStatement.java:44)
121. SELECT
		pd.pdSeq
		,pd.pdName
		,pd.pdPrice
		,pd.pdUseNy
		,pd.pdDelNy
		,pd.pdDate
		,pd.pdFixDate
		,pd.pdDesc
	FROM 
		product pd
	WHERE 1=1
	AND pd.pdSeq = '1'
 {executed in 0 msec} 
2024-09-19T15:04:55.273 [http-nio-8080-exec-1] DEBUG j.sqltiming -  com.zaxxer.hikari.pool.ProxyPreparedStatement.execute(ProxyPreparedStatement.java:44)
121. UPDATE product
	SET
		pdName = '오리고기'
		,pdPrice = '7000원'
		,pdUseNy = 1
		,pdDesc = ''
		,pdFixDate = now()
	WHERE 1=1
		AND pdSeq = '1'
 {executed in 10 msec} 
2024-09-19T15:04:55.276 [http-nio-8080-exec-9] DEBUG j.sqltiming -  com.zaxxer.hikari.pool.ProxyPreparedStatement.execute(ProxyPreparedStatement.java:44)
121. SELECT
		pd.pdSeq
		,pd.pdName
		,pd.pdPrice
		,pd.pdUseNy
		,pd.pdDelNy
		,pd.pdDate
		,pd.pdFixDate
		,pd.pdDesc
	FROM
	 product pd
	WHERE 1=1

	ORDER BY
		pd.pdSeq DESC
 {executed in 0 msec} 
2024-09-19T15:05:21.975 [File Watcher] INFO o.s.b.d.a.LocalDevToolsAutoConfiguration$RestartingClassPathChangeChangedEventListener - Restarting due to 1 class path change (0 additions, 0 deletions, 1 modification) 
2024-09-19T15:05:21.977 [Thread-123] INFO o.a.c.h.Http11NioProtocol - Stopping ProtocolHandler ["http-nio-8080"] 
2024-09-19T15:05:22.056 [Thread-123] INFO c.z.h.HikariDataSource - HikariPool-13 - Shutdown initiated... 
2024-09-19T15:05:22.059 [Thread-123] INFO c.z.h.HikariDataSource - HikariPool-13 - Shutdown completed. 
2024-09-19T15:05:22.117 [restartedMain] INFO c.l.CyphersApplication - Starting CyphersApplication using Java 17.0.11 with PID 3936 (C:\factory\ws_sts4_4240\repo_cyphers\cyphers\bin\main started by Lenovo in C:\factory\ws_sts4_4240\repo_cyphers\cyphers) 
2024-09-19T15:05:22.117 [restartedMain] INFO c.l.CyphersApplication - No active profile set, falling back to 1 default profile: "default" 
2024-09-19T15:05:22.258 [restartedMain] INFO o.s.b.w.e.t.TomcatWebServer - Tomcat initialized with port 8080 (http) 
2024-09-19T15:05:22.259 [restartedMain] INFO o.a.c.h.Http11NioProtocol - Initializing ProtocolHandler ["http-nio-8080"] 
2024-09-19T15:05:22.259 [restartedMain] INFO o.a.c.c.StandardService - Starting service [Tomcat] 
2024-09-19T15:05:22.259 [restartedMain] INFO o.a.c.c.StandardEngine - Starting Servlet engine: [Apache Tomcat/10.1.28] 
2024-09-19T15:05:22.269 [restartedMain] INFO o.a.c.c.C.[.[.[/] - Initializing Spring embedded WebApplicationContext 
2024-09-19T15:05:22.269 [restartedMain] INFO o.s.b.w.s.c.ServletWebServerApplicationContext - Root WebApplicationContext: initialization completed in 151 ms 
2024-09-19T15:05:22.374 [restartedMain] INFO o.s.b.d.a.OptionalLiveReloadServer - LiveReload server is running on port 35729 
2024-09-19T15:05:22.379 [restartedMain] INFO o.a.c.h.Http11NioProtocol - Starting ProtocolHandler ["http-nio-8080"] 
2024-09-19T15:05:22.381 [restartedMain] INFO o.s.b.w.e.t.TomcatWebServer - Tomcat started on port 8080 (http) with context path '/' 
2024-09-19T15:05:22.385 [restartedMain] INFO c.l.CyphersApplication - Started CyphersApplication in 0.287 seconds (process running for 3097.703) 
2024-09-19T15:05:22.386 [restartedMain] INFO o.s.b.d.a.ConditionEvaluationDeltaLoggingListener - Condition evaluation unchanged 
