2024-09-18T21:13:26.522 [restartedMain] INFO c.l.CyphersApplication - Starting CyphersApplication using Java 17.0.11 with PID 15012 (C:\factory\ws_sts4_4240\repo_cyphers\cyphers\bin\main started by Lenovo in C:\factory\ws_sts4_4240\repo_cyphers\cyphers) 
2024-09-18T21:13:26.523 [restartedMain] INFO c.l.CyphersApplication - No active profile set, falling back to 1 default profile: "default" 
2024-09-18T21:13:26.559 [restartedMain] INFO o.s.b.d.e.DevToolsPropertyDefaultsPostProcessor - Devtools property defaults active! Set 'spring.devtools.add-properties' to 'false' to disable 
2024-09-18T21:13:26.559 [restartedMain] INFO o.s.b.d.e.DevToolsPropertyDefaultsPostProcessor - For additional web related logging consider setting the 'logging.level.web' property to 'DEBUG' 
2024-09-18T21:13:27.504 [restartedMain] INFO o.s.b.w.e.t.TomcatWebServer - Tomcat initialized with port 8080 (http) 
2024-09-18T21:13:27.516 [restartedMain] INFO o.a.c.h.Http11NioProtocol - Initializing ProtocolHandler ["http-nio-8080"] 
2024-09-18T21:13:27.518 [restartedMain] INFO o.a.c.c.StandardService - Starting service [Tomcat] 
2024-09-18T21:13:27.519 [restartedMain] INFO o.a.c.c.StandardEngine - Starting Servlet engine: [Apache Tomcat/10.1.28] 
2024-09-18T21:13:27.562 [restartedMain] INFO o.a.c.c.C.[.[.[/] - Initializing Spring embedded WebApplicationContext 
2024-09-18T21:13:27.563 [restartedMain] INFO o.s.b.w.s.c.ServletWebServerApplicationContext - Root WebApplicationContext: initialization completed in 1003 ms 
2024-09-18T21:13:28.445 [restartedMain] INFO o.s.b.d.a.OptionalLiveReloadServer - LiveReload server is running on port 35729 
2024-09-18T21:13:28.459 [restartedMain] INFO o.a.c.h.Http11NioProtocol - Starting ProtocolHandler ["http-nio-8080"] 
2024-09-18T21:13:28.479 [restartedMain] INFO o.s.b.w.e.t.TomcatWebServer - Tomcat started on port 8080 (http) with context path '/' 
2024-09-18T21:13:28.489 [restartedMain] INFO c.l.CyphersApplication - Started CyphersApplication in 2.228 seconds (process running for 2.817) 
2024-09-18T21:13:30.037 [http-nio-8080-exec-2] INFO o.a.c.c.C.[.[.[/] - Initializing Spring DispatcherServlet 'dispatcherServlet' 
2024-09-18T21:13:30.037 [http-nio-8080-exec-2] INFO o.s.w.s.DispatcherServlet - Initializing Servlet 'dispatcherServlet' 
2024-09-18T21:13:30.037 [http-nio-8080-exec-2] INFO o.s.w.s.DispatcherServlet - Completed initialization in 0 ms 
2024-09-18T21:13:30.084 [http-nio-8080-exec-2] INFO c.z.h.HikariDataSource - HikariPool-1 - Starting... 
2024-09-18T21:13:30.498 [http-nio-8080-exec-2] INFO c.z.h.p.HikariPool - HikariPool-1 - Added connection net.sf.log4jdbc.sql.jdbcapi.ConnectionSpy@400b1d15 
2024-09-18T21:13:30.501 [http-nio-8080-exec-2] INFO c.z.h.HikariDataSource - HikariPool-1 - Start completed. 
2024-09-18T21:13:30.527 [http-nio-8080-exec-2] DEBUG j.sqltiming -  com.zaxxer.hikari.pool.ProxyPreparedStatement.execute(ProxyPreparedStatement.java:44)
1. SELECT
		mm.mmSeq
		,mm.mmRealName
		,mm.mmNickName
		,mm.mmEmail
		,mm.mmTell
		,mm.mmBirthDay
		,mm.mmDelNy
		,mm.mmUseNy
		,mm.mmDate
		,mm.mmFixDate
		,mm.mmDesc
	FROM member mm
	ORDER BY 
		mm.mmSeq DESC
 {executed in 8 msec} 
2024-09-18T21:13:32.788 [http-nio-8080-exec-10] DEBUG j.sqltiming -  com.zaxxer.hikari.pool.ProxyPreparedStatement.execute(ProxyPreparedStatement.java:44)
1. select
		mm.mmSeq
		,mm.mmRealName
		,mm.mmNickName
		,mm.mmEmail
		,mm.mmTell
		,mm.mmBirthDay
		,mm.mmDelNy
		,mm.mmUseNy
		,mm.mmDate
		,mm.mmFixDate
		from
			member mm
		where 1=1
		and mm.mmSeq = '2'
 {executed in 1 msec} 
2024-09-18T21:13:36.444 [http-nio-8080-exec-4] DEBUG j.sqltiming -  com.zaxxer.hikari.pool.ProxyPreparedStatement.execute(ProxyPreparedStatement.java:44)
1. update member
		set
			mmRealName = 'ㅁㄴㅇsss'
			,mmUseNy = 1
			,mmNickName = 'ㅁㄴㅇㄴㅁㅇ'
			,mmDesc = ''
			,mmFixDate = now()
			,mmEmail = 'ㅁㄴㅇㅁㄴ'
			,mmTell = 'ㄴㅁㅇㄴㅁ'
			,mmBirthDay = 'ㅇㅁㅇ'
		where 1=1
			and mmSeq = NULL
 {executed in 0 msec} 
2024-09-18T21:13:36.444 [http-nio-8080-exec-2] DEBUG j.sqltiming -  com.zaxxer.hikari.pool.ProxyPreparedStatement.execute(ProxyPreparedStatement.java:44)
1. SELECT
		mm.mmSeq
		,mm.mmRealName
		,mm.mmNickName
		,mm.mmEmail
		,mm.mmTell
		,mm.mmBirthDay
		,mm.mmDelNy
		,mm.mmUseNy
		,mm.mmDate
		,mm.mmFixDate
		,mm.mmDesc
	FROM member mm
	ORDER BY 
		mm.mmSeq DESC
 {executed in 0 msec} 
2024-09-18T21:15:09.364 [File Watcher] INFO o.s.b.d.a.LocalDevToolsAutoConfiguration$RestartingClassPathChangeChangedEventListener - Restarting due to 1 class path change (0 additions, 0 deletions, 1 modification) 
2024-09-18T21:15:09.369 [Thread-5] INFO o.a.c.h.Http11NioProtocol - Stopping ProtocolHandler ["http-nio-8080"] 
2024-09-18T21:15:09.465 [Thread-5] INFO c.z.h.HikariDataSource - HikariPool-1 - Shutdown initiated... 
2024-09-18T21:15:09.475 [Thread-5] INFO c.z.h.HikariDataSource - HikariPool-1 - Shutdown completed. 
2024-09-18T21:15:09.542 [restartedMain] INFO c.l.CyphersApplication - Starting CyphersApplication using Java 17.0.11 with PID 15012 (C:\factory\ws_sts4_4240\repo_cyphers\cyphers\bin\main started by Lenovo in C:\factory\ws_sts4_4240\repo_cyphers\cyphers) 
2024-09-18T21:15:09.542 [restartedMain] INFO c.l.CyphersApplication - No active profile set, falling back to 1 default profile: "default" 
2024-09-18T21:15:09.745 [restartedMain] INFO o.s.b.w.e.t.TomcatWebServer - Tomcat initialized with port 8080 (http) 
2024-09-18T21:15:09.746 [restartedMain] INFO o.a.c.h.Http11NioProtocol - Initializing ProtocolHandler ["http-nio-8080"] 
2024-09-18T21:15:09.746 [restartedMain] INFO o.a.c.c.StandardService - Starting service [Tomcat] 
2024-09-18T21:15:09.746 [restartedMain] INFO o.a.c.c.StandardEngine - Starting Servlet engine: [Apache Tomcat/10.1.28] 
2024-09-18T21:15:09.756 [restartedMain] INFO o.a.c.c.C.[.[.[/] - Initializing Spring embedded WebApplicationContext 
2024-09-18T21:15:09.756 [restartedMain] INFO o.s.b.w.s.c.ServletWebServerApplicationContext - Root WebApplicationContext: initialization completed in 212 ms 
2024-09-18T21:15:09.942 [restartedMain] INFO o.s.b.d.a.OptionalLiveReloadServer - LiveReload server is running on port 35729 
2024-09-18T21:15:09.948 [restartedMain] INFO o.a.c.h.Http11NioProtocol - Starting ProtocolHandler ["http-nio-8080"] 
2024-09-18T21:15:09.952 [restartedMain] INFO o.s.b.w.e.t.TomcatWebServer - Tomcat started on port 8080 (http) with context path '/' 
2024-09-18T21:15:09.956 [restartedMain] INFO c.l.CyphersApplication - Started CyphersApplication in 0.437 seconds (process running for 104.284) 
2024-09-18T21:15:09.958 [restartedMain] INFO o.s.b.d.a.ConditionEvaluationDeltaLoggingListener - Condition evaluation unchanged 
2024-09-18T21:15:10.037 [http-nio-8080-exec-1] INFO o.a.c.c.C.[.[.[/] - Initializing Spring DispatcherServlet 'dispatcherServlet' 
2024-09-18T21:15:10.037 [http-nio-8080-exec-1] INFO o.s.w.s.DispatcherServlet - Initializing Servlet 'dispatcherServlet' 
2024-09-18T21:15:10.038 [http-nio-8080-exec-1] INFO o.s.w.s.DispatcherServlet - Completed initialization in 1 ms 
2024-09-18T21:15:10.039 [http-nio-8080-exec-1] INFO c.z.h.HikariDataSource - HikariPool-2 - Starting... 
2024-09-18T21:15:10.052 [http-nio-8080-exec-1] INFO c.z.h.p.HikariPool - HikariPool-2 - Added connection net.sf.log4jdbc.sql.jdbcapi.ConnectionSpy@562147c8 
2024-09-18T21:15:10.052 [http-nio-8080-exec-1] INFO c.z.h.HikariDataSource - HikariPool-2 - Start completed. 
2024-09-18T21:15:10.054 [http-nio-8080-exec-1] DEBUG j.sqltiming -  com.zaxxer.hikari.pool.ProxyPreparedStatement.execute(ProxyPreparedStatement.java:44)
11. select
		mm.mmSeq
		,mm.mmRealName
		,mm.mmNickName
		,mm.mmEmail
		,mm.mmTell
		,mm.mmBirthDay
		,mm.mmDelNy
		,mm.mmUseNy
		,mm.mmDate
		,mm.mmFixDate
		from
			member mm
		where 1=1
		and mm.mmSeq = '2'
 {executed in 0 msec} 
2024-09-18T21:15:39.618 [http-nio-8080-exec-5] DEBUG j.sqltiming -  com.zaxxer.hikari.pool.ProxyPreparedStatement.execute(ProxyPreparedStatement.java:44)
11. select
		mm.mmSeq
		,mm.mmRealName
		,mm.mmNickName
		,mm.mmEmail
		,mm.mmTell
		,mm.mmBirthDay
		,mm.mmDelNy
		,mm.mmUseNy
		,mm.mmDate
		,mm.mmFixDate
		from
			member mm
		where 1=1
		and mm.mmSeq = '2'
 {executed in 1 msec} 
2024-09-18T21:15:42.243 [http-nio-8080-exec-7] DEBUG j.sqltiming -  com.zaxxer.hikari.pool.ProxyPreparedStatement.execute(ProxyPreparedStatement.java:44)
11. update member
		set
			mmRealName = 'ㅁㄴㅇddd'
			,mmUseNy = 1
			,mmNickName = 'ㅁㄴㅇㄴㅁㅇ'
			,mmDesc = ''
			,mmFixDate = now()
			,mmEmail = 'ㅁㄴㅇㅁㄴ'
			,mmTell = 'ㄴㅁㅇㄴㅁ'
			,mmBirthDay = 'ㅇㅁㅇ'
		where 1=1
			and mmSeq = NULL
 {executed in 1 msec} 
2024-09-18T21:15:42.251 [http-nio-8080-exec-9] DEBUG j.sqltiming -  com.zaxxer.hikari.pool.ProxyPreparedStatement.execute(ProxyPreparedStatement.java:44)
11. SELECT
		mm.mmSeq
		,mm.mmRealName
		,mm.mmNickName
		,mm.mmEmail
		,mm.mmTell
		,mm.mmBirthDay
		,mm.mmDelNy
		,mm.mmUseNy
		,mm.mmDate
		,mm.mmFixDate
		,mm.mmDesc
	FROM member mm
	ORDER BY 
		mm.mmSeq DESC
 {executed in 1 msec} 
2024-09-18T21:15:52.303 [http-nio-8080-exec-7] DEBUG j.sqltiming -  com.zaxxer.hikari.pool.ProxyPreparedStatement.execute(ProxyPreparedStatement.java:44)
11. select
		mm.mmSeq
		,mm.mmRealName
		,mm.mmNickName
		,mm.mmEmail
		,mm.mmTell
		,mm.mmBirthDay
		,mm.mmDelNy
		,mm.mmUseNy
		,mm.mmDate
		,mm.mmFixDate
		from
			member mm
		where 1=1
		and mm.mmSeq = '2'
 {executed in 1 msec} 
2024-09-18T21:16:21.252 [http-nio-8080-exec-1] DEBUG j.sqltiming -  com.zaxxer.hikari.pool.ProxyPreparedStatement.execute(ProxyPreparedStatement.java:44)
11. SELECT
		mm.mmSeq
		,mm.mmRealName
		,mm.mmNickName
		,mm.mmEmail
		,mm.mmTell
		,mm.mmBirthDay
		,mm.mmDelNy
		,mm.mmUseNy
		,mm.mmDate
		,mm.mmFixDate
		,mm.mmDesc
	FROM member mm
	ORDER BY 
		mm.mmSeq DESC
 {executed in 2 msec} 
2024-09-18T21:16:23.089 [http-nio-8080-exec-2] DEBUG j.sqltiming -  com.zaxxer.hikari.pool.ProxyPreparedStatement.execute(ProxyPreparedStatement.java:44)
11. select
		mm.mmSeq
		,mm.mmRealName
		,mm.mmNickName
		,mm.mmEmail
		,mm.mmTell
		,mm.mmBirthDay
		,mm.mmDelNy
		,mm.mmUseNy
		,mm.mmDate
		,mm.mmFixDate
		from
			member mm
		where 1=1
		and mm.mmSeq = '2'
 {executed in 1 msec} 
2024-09-18T21:16:26.101 [http-nio-8080-exec-8] DEBUG j.sqltiming -  com.zaxxer.hikari.pool.ProxyPreparedStatement.execute(ProxyPreparedStatement.java:44)
11. update member
		set
			mmRealName = 'ㅁㄴㅇsss'
			,mmUseNy = 1
			,mmNickName = 'ㅁㄴㅇㄴㅁㅇ'
			,mmDesc = ''
			,mmFixDate = now()
			,mmEmail = 'ㅁㄴㅇㅁㄴ'
			,mmTell = 'ㄴㅁㅇㄴㅁ'
			,mmBirthDay = 'ㅇㅁㅇ'
		where 1=1
			and mmSeq = '2'
 {executed in 9 msec} 
2024-09-18T21:16:26.104 [http-nio-8080-exec-10] DEBUG j.sqltiming -  com.zaxxer.hikari.pool.ProxyPreparedStatement.execute(ProxyPreparedStatement.java:44)
11. SELECT
		mm.mmSeq
		,mm.mmRealName
		,mm.mmNickName
		,mm.mmEmail
		,mm.mmTell
		,mm.mmBirthDay
		,mm.mmDelNy
		,mm.mmUseNy
		,mm.mmDate
		,mm.mmFixDate
		,mm.mmDesc
	FROM member mm
	ORDER BY 
		mm.mmSeq DESC
 {executed in 0 msec} 
2024-09-18T21:19:07.544 [http-nio-8080-exec-6] DEBUG j.sqltiming -  com.zaxxer.hikari.pool.ProxyPreparedStatement.execute(ProxyPreparedStatement.java:44)
11. select
		mm.mmSeq
		,mm.mmRealName
		,mm.mmNickName
		,mm.mmEmail
		,mm.mmTell
		,mm.mmBirthDay
		,mm.mmDelNy
		,mm.mmUseNy
		,mm.mmDate
		,mm.mmFixDate
		from
			member mm
		where 1=1
		and mm.mmSeq = '2'
 {executed in 0 msec} 
2024-09-18T21:21:47.531 [RMI TCP Connection(23)-127.0.0.1] INFO o.s.b.a.SpringApplicationAdminMXBeanRegistrar$SpringApplicationAdmin - Application shutdown requested. 
2024-09-18T21:21:47.532 [RMI TCP Connection(23)-127.0.0.1] INFO o.a.c.h.Http11NioProtocol - Stopping ProtocolHandler ["http-nio-8080"] 
2024-09-18T21:21:47.629 [RMI TCP Connection(23)-127.0.0.1] INFO c.z.h.HikariDataSource - HikariPool-2 - Shutdown initiated... 
2024-09-18T21:21:47.633 [RMI TCP Connection(23)-127.0.0.1] INFO c.z.h.HikariDataSource - HikariPool-2 - Shutdown completed. 
